<?xml version="1.0" encoding="UTF-8"?>
<!-- Generated by org.testng.reporters.JUnitXMLReporter -->
<testsuite ignored="4" hostname="DESKTOP-LCQC60A" failures="0" tests="7" name="Test" time="1.092" errors="0" timestamp="2022-05-04T15:31:43 IST">
  <testcase classname="com_SkillRray_genericLib.BaseClass" name="@BeforeSuite configBS" time="0.159">
    <failure type="com.mysql.cj.jdbc.exceptions.CommunicationsException" message="Communications link failure

The last packet sent successfully to the server was 0 milliseconds ago. The driver has not received any packets from the server.">
      <![CDATA[com.mysql.cj.jdbc.exceptions.CommunicationsException: Communications link failure

The last packet sent successfully to the server was 0 milliseconds ago. The driver has not received any packets from the server.
at com.mysql.cj.jdbc.exceptions.SQLError.createCommunicationsException(SQLError.java:174)
at com.mysql.cj.jdbc.exceptions.SQLExceptionsMapping.translateException(SQLExceptionsMapping.java:64)
at com.mysql.cj.jdbc.ConnectionImpl.createNewIO(ConnectionImpl.java:836)
at com.mysql.cj.jdbc.ConnectionImpl.<init>(ConnectionImpl.java:456)
at com.mysql.cj.jdbc.ConnectionImpl.getInstance(ConnectionImpl.java:246)
at com.mysql.cj.jdbc.NonRegisteringDriver.connect(NonRegisteringDriver.java:197)
at java.sql/java.sql.DriverManager.getConnection(DriverManager.java:681)
at java.sql/java.sql.DriverManager.getConnection(DriverManager.java:229)
at com_SkillRray_genericLib.FileUtilies.getDataDb(FileUtilies.java:50)
at com_SkillRray_genericLib.BaseClass.configBS(BaseClass.java:45)
Caused by: com.mysql.cj.exceptions.CJCommunicationsException: Communications link failure

The last packet sent successfully to the server was 0 milliseconds ago. The driver has not received any packets from the server.
at com.mysql.cj.exceptions.ExceptionFactory.createException(ExceptionFactory.java:61)
at com.mysql.cj.exceptions.ExceptionFactory.createException(ExceptionFactory.java:105)
at com.mysql.cj.exceptions.ExceptionFactory.createException(ExceptionFactory.java:151)
at com.mysql.cj.exceptions.ExceptionFactory.createCommunicationsException(ExceptionFactory.java:167)
at com.mysql.cj.protocol.a.NativeSocketConnection.connect(NativeSocketConnection.java:91)
at com.mysql.cj.NativeSession.connect(NativeSession.java:144)
at com.mysql.cj.jdbc.ConnectionImpl.connectOneTryOnly(ConnectionImpl.java:956)
at com.mysql.cj.jdbc.ConnectionImpl.createNewIO(ConnectionImpl.java:826)
... 26 more
Caused by: java.net.ConnectException: Connection refused: connect
at java.base/sun.nio.ch.Net.connect0(Native Method)
at java.base/sun.nio.ch.Net.connect(Net.java:579)
at java.base/sun.nio.ch.Net.connect(Net.java:568)
at java.base/sun.nio.ch.NioSocketImpl.connect(NioSocketImpl.java:588)
at java.base/java.net.SocksSocketImpl.connect(SocksSocketImpl.java:327)
at java.base/java.net.Socket.connect(Socket.java:633)
at com.mysql.cj.protocol.StandardSocketFactory.connect(StandardSocketFactory.java:155)
at com.mysql.cj.protocol.a.NativeSocketConnection.connect(NativeSocketConnection.java:65)
... 29 more
... Removed 24 stack frames]]>
    </failure>
  </testcase> <!-- @BeforeSuite configBS -->
  <testcase classname="com_SkillRray_genericLib.BaseClass" name="@BeforeMethod openApp" time="-1.651658502165E9">
    <skipped/>
  </testcase> <!-- @BeforeMethod openApp -->
  <testcase classname="com_SkillRray_genericLib.BaseClass" name="@AfterMethod closeApp" time="-1.651658502172E9">
    <skipped/>
  </testcase> <!-- @AfterMethod closeApp -->
  <testcase classname="com_SkillRray_genericLib.BaseClass" name="@BeforeMethod openApp" time="-1.651658503187E9">
    <skipped/>
  </testcase> <!-- @BeforeMethod openApp -->
  <testcase classname="com_SkillRray_genericLib.BaseClass" name="@AfterMethod closeApp" time="-1.651658503193E9">
    <skipped/>
  </testcase> <!-- @AfterMethod closeApp -->
  <testcase classname="com_SkillRray_genericLib.BaseClass" name="@BeforeMethod openApp" time="-1.651658503195E9">
    <skipped/>
  </testcase> <!-- @BeforeMethod openApp -->
  <testcase classname="com_SkillRray_genericLib.BaseClass" name="@AfterMethod closeApp" time="-1.651658503201E9">
    <skipped/>
  </testcase> <!-- @AfterMethod closeApp -->
  <testcase classname="com_SkillRray_genericLib.BaseClass" name="@BeforeMethod openApp" time="-1.651658503203E9">
    <skipped/>
  </testcase> <!-- @BeforeMethod openApp -->
  <testcase classname="com_SkillRray_genericLib.BaseClass" name="@AfterMethod closeApp" time="-1.651658503207E9">
    <skipped/>
  </testcase> <!-- @AfterMethod closeApp -->
  <testcase classname="com_SkillRray_genericLib.BaseClass" name="@BeforeMethod openApp" time="-1.651658503208E9">
    <skipped/>
  </testcase> <!-- @BeforeMethod openApp -->
  <testcase classname="com_SkillRray_genericLib.BaseClass" name="@AfterMethod closeApp" time="-1.651658503213E9">
    <skipped/>
  </testcase> <!-- @AfterMethod closeApp -->
  <testcase classname="com_SkillRray_genericLib.BaseClass" name="@BeforeMethod openApp" time="-1.651658503214E9">
    <skipped/>
  </testcase> <!-- @BeforeMethod openApp -->
  <testcase classname="com_SkillRray_genericLib.BaseClass" name="@AfterMethod closeApp" time="-1.65165850322E9">
    <skipped/>
  </testcase> <!-- @AfterMethod closeApp -->
  <testcase classname="com_SkillRray_genericLib.BaseClass" name="@BeforeMethod openApp" time="-1.651658503222E9">
    <skipped/>
  </testcase> <!-- @BeforeMethod openApp -->
  <testcase classname="com_SkillRray_genericLib.BaseClass" name="@AfterMethod closeApp" time="-1.651658503227E9">
    <skipped/>
  </testcase> <!-- @AfterMethod closeApp -->
  <testcase classname="com_EducationalDomain_SkillRray_Testscripts.FacebookLike" name="tc1" time="0.0">
    <skipped/>
  </testcase> <!-- tc1 -->
  <testcase classname="com_EducationalDomain_SkillRray_Testscripts.UpdateProfiledetails" name="tc3" time="0.0">
    <skipped/>
  </testcase> <!-- tc3 -->
  <testcase classname="com_EducationalDomain_SkillRray_Testscripts.UpdateProfiledetails" name="tc3" time="0.0">
    <skipped/>
  </testcase> <!-- tc3 -->
  <testcase classname="com_EducationalDomain_SkillRray_Testscripts.UpdateProfiledetails" name="tc3" time="0.0">
    <skipped/>
  </testcase> <!-- tc3 -->
  <testcase classname="com_EducationalDomain_SkillRray_Testscripts.UpdateProfiledetails" name="tc3" time="0.0">
    <skipped/>
  </testcase> <!-- tc3 -->
  <testcase classname="com_EducationalDomain_SkillRray_Testscripts.UpdateProfiledetails" name="tc3" time="0.0">
    <skipped/>
  </testcase> <!-- tc3 -->
  <testcase classname="com_EducationalDomain_SkillRray_Testscripts.TakeThisCourse" name="tc2" time="0.0">
    <skipped/>
  </testcase> <!-- tc2 -->
  <testcase classname="com_SkillRray_genericLib.BaseClass" name="@AfterSuite configAS" time="0.0">
    <ignored/>
  </testcase> <!-- @AfterSuite configAS -->
  <testcase classname="com_SkillRray_genericLib.BaseClass" name="@AfterSuite configAS" time="0.0">
    <ignored/>
  </testcase> <!-- @AfterSuite configAS -->
  <testcase classname="com_SkillRray_genericLib.BaseClass" name="@BeforeSuite configBS" time="0.0">
    <ignored/>
  </testcase> <!-- @BeforeSuite configBS -->
  <testcase classname="com_SkillRray_genericLib.BaseClass" name="@BeforeSuite configBS" time="0.0">
    <ignored/>
  </testcase> <!-- @BeforeSuite configBS -->
</testsuite> <!-- Test -->
